[31/Jan/2017 19:55:25] ERROR [django.request:124] Internal Server Error: /
Traceback (most recent call last):
  File "/home/vagrant/virtualenv/lib/python3.4/site-packages/django/core/handlers/exception.py", line 39, in inner
    response = get_response(request)
  File "/home/vagrant/virtualenv/lib/python3.4/site-packages/django/core/handlers/base.py", line 249, in _legacy_get_response
    response = self._get_response(request)
  File "/home/vagrant/virtualenv/lib/python3.4/site-packages/django/core/handlers/base.py", line 187, in _get_response
    response = self.process_exception_by_middleware(e, request)
  File "/home/vagrant/virtualenv/lib/python3.4/site-packages/django/core/handlers/base.py", line 185, in _get_response
    response = wrapped_callback(request, *callback_args, **callback_kwargs)
  File "/vagrant/heroku/views.py", line 15, in home
    return render(request, 'home.html')
  File "/home/vagrant/virtualenv/lib/python3.4/site-packages/django/shortcuts.py", line 30, in render
    content = loader.render_to_string(template_name, context, request, using=using)
  File "/home/vagrant/virtualenv/lib/python3.4/site-packages/django/template/loader.py", line 68, in render_to_string
    return template.render(context, request)
  File "/home/vagrant/virtualenv/lib/python3.4/site-packages/django/template/backends/django.py", line 66, in render
    return self.template.render(context)
  File "/home/vagrant/virtualenv/lib/python3.4/site-packages/django/template/base.py", line 208, in render
    return self._render(context)
  File "/home/vagrant/virtualenv/lib/python3.4/site-packages/django/template/base.py", line 199, in _render
    return self.nodelist.render(context)
  File "/home/vagrant/virtualenv/lib/python3.4/site-packages/django/template/base.py", line 994, in render
    bit = node.render_annotated(context)
  File "/home/vagrant/virtualenv/lib/python3.4/site-packages/django/template/base.py", line 961, in render_annotated
    return self.render(context)
  File "/home/vagrant/virtualenv/lib/python3.4/site-packages/django/template/loader_tags.py", line 174, in render
    return compiled_parent._render(context)
  File "/home/vagrant/virtualenv/lib/python3.4/site-packages/django/template/base.py", line 199, in _render
    return self.nodelist.render(context)
  File "/home/vagrant/virtualenv/lib/python3.4/site-packages/django/template/base.py", line 994, in render
    bit = node.render_annotated(context)
  File "/home/vagrant/virtualenv/lib/python3.4/site-packages/django/template/base.py", line 961, in render_annotated
    return self.render(context)
  File "/home/vagrant/virtualenv/lib/python3.4/site-packages/django/template/loader_tags.py", line 70, in render
    result = block.nodelist.render(context)
  File "/home/vagrant/virtualenv/lib/python3.4/site-packages/django/template/base.py", line 994, in render
    bit = node.render_annotated(context)
  File "/home/vagrant/virtualenv/lib/python3.4/site-packages/django/template/base.py", line 961, in render_annotated
    return self.render(context)
  File "/home/vagrant/virtualenv/lib/python3.4/site-packages/django/templatetags/static.py", line 104, in render
    url = self.url(context)
  File "/home/vagrant/virtualenv/lib/python3.4/site-packages/django/templatetags/static.py", line 101, in url
    return self.handle_simple(path)
  File "/home/vagrant/virtualenv/lib/python3.4/site-packages/django/templatetags/static.py", line 114, in handle_simple
    return staticfiles_storage.url(path)
  File "/home/vagrant/virtualenv/lib/python3.4/site-packages/django/contrib/staticfiles/storage.py", line 132, in url
    hashed_name = self.stored_name(clean_name)
  File "/home/vagrant/virtualenv/lib/python3.4/site-packages/django/contrib/staticfiles/storage.py", line 292, in stored_name
    cache_name = self.clean_name(self.hashed_name(name))
  File "/home/vagrant/virtualenv/lib/python3.4/site-packages/django/contrib/staticfiles/storage.py", line 95, in hashed_name
    (clean_name, self))
ValueError: The file 'gameapp/img/favicon.ico' could not be found with <whitenoise.storage.CompressedManifestStaticFilesStorage object at 0x7f6c37bcac18>.
[31/Jan/2017 19:55:26] ERROR [django.request:124] Internal Server Error: /
Traceback (most recent call last):
  File "/home/vagrant/virtualenv/lib/python3.4/site-packages/django/core/handlers/exception.py", line 39, in inner
    response = get_response(request)
  File "/home/vagrant/virtualenv/lib/python3.4/site-packages/django/core/handlers/base.py", line 249, in _legacy_get_response
    response = self._get_response(request)
  File "/home/vagrant/virtualenv/lib/python3.4/site-packages/django/core/handlers/base.py", line 187, in _get_response
    response = self.process_exception_by_middleware(e, request)
  File "/home/vagrant/virtualenv/lib/python3.4/site-packages/django/core/handlers/base.py", line 185, in _get_response
    response = wrapped_callback(request, *callback_args, **callback_kwargs)
  File "/vagrant/heroku/views.py", line 15, in home
    return render(request, 'home.html')
  File "/home/vagrant/virtualenv/lib/python3.4/site-packages/django/shortcuts.py", line 30, in render
    content = loader.render_to_string(template_name, context, request, using=using)
  File "/home/vagrant/virtualenv/lib/python3.4/site-packages/django/template/loader.py", line 68, in render_to_string
    return template.render(context, request)
  File "/home/vagrant/virtualenv/lib/python3.4/site-packages/django/template/backends/django.py", line 66, in render
    return self.template.render(context)
  File "/home/vagrant/virtualenv/lib/python3.4/site-packages/django/template/base.py", line 208, in render
    return self._render(context)
  File "/home/vagrant/virtualenv/lib/python3.4/site-packages/django/template/base.py", line 199, in _render
    return self.nodelist.render(context)
  File "/home/vagrant/virtualenv/lib/python3.4/site-packages/django/template/base.py", line 994, in render
    bit = node.render_annotated(context)
  File "/home/vagrant/virtualenv/lib/python3.4/site-packages/django/template/base.py", line 961, in render_annotated
    return self.render(context)
  File "/home/vagrant/virtualenv/lib/python3.4/site-packages/django/template/loader_tags.py", line 174, in render
    return compiled_parent._render(context)
  File "/home/vagrant/virtualenv/lib/python3.4/site-packages/django/template/base.py", line 199, in _render
    return self.nodelist.render(context)
  File "/home/vagrant/virtualenv/lib/python3.4/site-packages/django/template/base.py", line 994, in render
    bit = node.render_annotated(context)
  File "/home/vagrant/virtualenv/lib/python3.4/site-packages/django/template/base.py", line 961, in render_annotated
    return self.render(context)
  File "/home/vagrant/virtualenv/lib/python3.4/site-packages/django/template/loader_tags.py", line 70, in render
    result = block.nodelist.render(context)
  File "/home/vagrant/virtualenv/lib/python3.4/site-packages/django/template/base.py", line 994, in render
    bit = node.render_annotated(context)
  File "/home/vagrant/virtualenv/lib/python3.4/site-packages/django/template/base.py", line 961, in render_annotated
    return self.render(context)
  File "/home/vagrant/virtualenv/lib/python3.4/site-packages/django/templatetags/static.py", line 104, in render
    url = self.url(context)
  File "/home/vagrant/virtualenv/lib/python3.4/site-packages/django/templatetags/static.py", line 101, in url
    return self.handle_simple(path)
  File "/home/vagrant/virtualenv/lib/python3.4/site-packages/django/templatetags/static.py", line 114, in handle_simple
    return staticfiles_storage.url(path)
  File "/home/vagrant/virtualenv/lib/python3.4/site-packages/django/contrib/staticfiles/storage.py", line 132, in url
    hashed_name = self.stored_name(clean_name)
  File "/home/vagrant/virtualenv/lib/python3.4/site-packages/django/contrib/staticfiles/storage.py", line 292, in stored_name
    cache_name = self.clean_name(self.hashed_name(name))
  File "/home/vagrant/virtualenv/lib/python3.4/site-packages/django/contrib/staticfiles/storage.py", line 95, in hashed_name
    (clean_name, self))
ValueError: The file 'gameapp/img/favicon.ico' could not be found with <whitenoise.storage.CompressedManifestStaticFilesStorage object at 0x7f6c37c31358>.
[31/Jan/2017 19:55:28] ERROR [django.request:124] Internal Server Error: /
Traceback (most recent call last):
  File "/home/vagrant/virtualenv/lib/python3.4/site-packages/django/core/handlers/exception.py", line 39, in inner
    response = get_response(request)
  File "/home/vagrant/virtualenv/lib/python3.4/site-packages/django/core/handlers/base.py", line 249, in _legacy_get_response
    response = self._get_response(request)
  File "/home/vagrant/virtualenv/lib/python3.4/site-packages/django/core/handlers/base.py", line 187, in _get_response
    response = self.process_exception_by_middleware(e, request)
  File "/home/vagrant/virtualenv/lib/python3.4/site-packages/django/core/handlers/base.py", line 185, in _get_response
    response = wrapped_callback(request, *callback_args, **callback_kwargs)
  File "/vagrant/heroku/views.py", line 15, in home
    return render(request, 'home.html')
  File "/home/vagrant/virtualenv/lib/python3.4/site-packages/django/shortcuts.py", line 30, in render
    content = loader.render_to_string(template_name, context, request, using=using)
  File "/home/vagrant/virtualenv/lib/python3.4/site-packages/django/template/loader.py", line 68, in render_to_string
    return template.render(context, request)
  File "/home/vagrant/virtualenv/lib/python3.4/site-packages/django/template/backends/django.py", line 66, in render
    return self.template.render(context)
  File "/home/vagrant/virtualenv/lib/python3.4/site-packages/django/template/base.py", line 208, in render
    return self._render(context)
  File "/home/vagrant/virtualenv/lib/python3.4/site-packages/django/template/base.py", line 199, in _render
    return self.nodelist.render(context)
  File "/home/vagrant/virtualenv/lib/python3.4/site-packages/django/template/base.py", line 994, in render
    bit = node.render_annotated(context)
  File "/home/vagrant/virtualenv/lib/python3.4/site-packages/django/template/base.py", line 961, in render_annotated
    return self.render(context)
  File "/home/vagrant/virtualenv/lib/python3.4/site-packages/django/template/loader_tags.py", line 174, in render
    return compiled_parent._render(context)
  File "/home/vagrant/virtualenv/lib/python3.4/site-packages/django/template/base.py", line 199, in _render
    return self.nodelist.render(context)
  File "/home/vagrant/virtualenv/lib/python3.4/site-packages/django/template/base.py", line 994, in render
    bit = node.render_annotated(context)
  File "/home/vagrant/virtualenv/lib/python3.4/site-packages/django/template/base.py", line 961, in render_annotated
    return self.render(context)
  File "/home/vagrant/virtualenv/lib/python3.4/site-packages/django/template/loader_tags.py", line 70, in render
    result = block.nodelist.render(context)
  File "/home/vagrant/virtualenv/lib/python3.4/site-packages/django/template/base.py", line 994, in render
    bit = node.render_annotated(context)
  File "/home/vagrant/virtualenv/lib/python3.4/site-packages/django/template/base.py", line 961, in render_annotated
    return self.render(context)
  File "/home/vagrant/virtualenv/lib/python3.4/site-packages/django/templatetags/static.py", line 104, in render
    url = self.url(context)
  File "/home/vagrant/virtualenv/lib/python3.4/site-packages/django/templatetags/static.py", line 101, in url
    return self.handle_simple(path)
  File "/home/vagrant/virtualenv/lib/python3.4/site-packages/django/templatetags/static.py", line 114, in handle_simple
    return staticfiles_storage.url(path)
  File "/home/vagrant/virtualenv/lib/python3.4/site-packages/django/contrib/staticfiles/storage.py", line 132, in url
    hashed_name = self.stored_name(clean_name)
  File "/home/vagrant/virtualenv/lib/python3.4/site-packages/django/contrib/staticfiles/storage.py", line 292, in stored_name
    cache_name = self.clean_name(self.hashed_name(name))
  File "/home/vagrant/virtualenv/lib/python3.4/site-packages/django/contrib/staticfiles/storage.py", line 95, in hashed_name
    (clean_name, self))
ValueError: The file 'gameapp/img/favicon.ico' could not be found with <whitenoise.storage.CompressedManifestStaticFilesStorage object at 0x7f6c37bcac18>.
[31/Jan/2017 19:55:28] WARNING [django.request:152] Not Found: /favicon.ico
[31/Jan/2017 19:56:19] ERROR [django.request:124] Internal Server Error: /
Traceback (most recent call last):
  File "/home/vagrant/virtualenv/lib/python3.4/site-packages/django/core/handlers/exception.py", line 39, in inner
    response = get_response(request)
  File "/home/vagrant/virtualenv/lib/python3.4/site-packages/django/core/handlers/base.py", line 249, in _legacy_get_response
    response = self._get_response(request)
  File "/home/vagrant/virtualenv/lib/python3.4/site-packages/django/core/handlers/base.py", line 187, in _get_response
    response = self.process_exception_by_middleware(e, request)
  File "/home/vagrant/virtualenv/lib/python3.4/site-packages/django/core/handlers/base.py", line 185, in _get_response
    response = wrapped_callback(request, *callback_args, **callback_kwargs)
  File "/vagrant/heroku/views.py", line 15, in home
    return render(request, 'home.html')
  File "/home/vagrant/virtualenv/lib/python3.4/site-packages/django/shortcuts.py", line 30, in render
    content = loader.render_to_string(template_name, context, request, using=using)
  File "/home/vagrant/virtualenv/lib/python3.4/site-packages/django/template/loader.py", line 68, in render_to_string
    return template.render(context, request)
  File "/home/vagrant/virtualenv/lib/python3.4/site-packages/django/template/backends/django.py", line 66, in render
    return self.template.render(context)
  File "/home/vagrant/virtualenv/lib/python3.4/site-packages/django/template/base.py", line 208, in render
    return self._render(context)
  File "/home/vagrant/virtualenv/lib/python3.4/site-packages/django/template/base.py", line 199, in _render
    return self.nodelist.render(context)
  File "/home/vagrant/virtualenv/lib/python3.4/site-packages/django/template/base.py", line 994, in render
    bit = node.render_annotated(context)
  File "/home/vagrant/virtualenv/lib/python3.4/site-packages/django/template/base.py", line 961, in render_annotated
    return self.render(context)
  File "/home/vagrant/virtualenv/lib/python3.4/site-packages/django/template/loader_tags.py", line 174, in render
    return compiled_parent._render(context)
  File "/home/vagrant/virtualenv/lib/python3.4/site-packages/django/template/base.py", line 199, in _render
    return self.nodelist.render(context)
  File "/home/vagrant/virtualenv/lib/python3.4/site-packages/django/template/base.py", line 994, in render
    bit = node.render_annotated(context)
  File "/home/vagrant/virtualenv/lib/python3.4/site-packages/django/template/base.py", line 961, in render_annotated
    return self.render(context)
  File "/home/vagrant/virtualenv/lib/python3.4/site-packages/django/template/loader_tags.py", line 70, in render
    result = block.nodelist.render(context)
  File "/home/vagrant/virtualenv/lib/python3.4/site-packages/django/template/base.py", line 994, in render
    bit = node.render_annotated(context)
  File "/home/vagrant/virtualenv/lib/python3.4/site-packages/django/template/base.py", line 961, in render_annotated
    return self.render(context)
  File "/home/vagrant/virtualenv/lib/python3.4/site-packages/django/templatetags/static.py", line 104, in render
    url = self.url(context)
  File "/home/vagrant/virtualenv/lib/python3.4/site-packages/django/templatetags/static.py", line 101, in url
    return self.handle_simple(path)
  File "/home/vagrant/virtualenv/lib/python3.4/site-packages/django/templatetags/static.py", line 114, in handle_simple
    return staticfiles_storage.url(path)
  File "/home/vagrant/virtualenv/lib/python3.4/site-packages/django/contrib/staticfiles/storage.py", line 132, in url
    hashed_name = self.stored_name(clean_name)
  File "/home/vagrant/virtualenv/lib/python3.4/site-packages/django/contrib/staticfiles/storage.py", line 292, in stored_name
    cache_name = self.clean_name(self.hashed_name(name))
  File "/home/vagrant/virtualenv/lib/python3.4/site-packages/django/contrib/staticfiles/storage.py", line 95, in hashed_name
    (clean_name, self))
ValueError: The file 'gameapp/img/favicon.ico' could not be found with <whitenoise.storage.CompressedManifestStaticFilesStorage object at 0x7f8af3ed6c18>.
[31/Jan/2017 19:57:41] ERROR [django.request:124] Internal Server Error: /
Traceback (most recent call last):
  File "/home/vagrant/virtualenv/lib/python3.4/site-packages/django/template/base.py", line 510, in parse
    compile_func = self.tags[command]
KeyError: 'static'

During handling of the above exception, another exception occurred:

Traceback (most recent call last):
  File "/home/vagrant/virtualenv/lib/python3.4/site-packages/django/core/handlers/exception.py", line 39, in inner
    response = get_response(request)
  File "/home/vagrant/virtualenv/lib/python3.4/site-packages/django/core/handlers/base.py", line 249, in _legacy_get_response
    response = self._get_response(request)
  File "/home/vagrant/virtualenv/lib/python3.4/site-packages/django/core/handlers/base.py", line 187, in _get_response
    response = self.process_exception_by_middleware(e, request)
  File "/home/vagrant/virtualenv/lib/python3.4/site-packages/django/core/handlers/base.py", line 185, in _get_response
    response = wrapped_callback(request, *callback_args, **callback_kwargs)
  File "/vagrant/heroku/views.py", line 15, in home
    return render(request, 'home.html')
  File "/home/vagrant/virtualenv/lib/python3.4/site-packages/django/shortcuts.py", line 30, in render
    content = loader.render_to_string(template_name, context, request, using=using)
  File "/home/vagrant/virtualenv/lib/python3.4/site-packages/django/template/loader.py", line 68, in render_to_string
    return template.render(context, request)
  File "/home/vagrant/virtualenv/lib/python3.4/site-packages/django/template/backends/django.py", line 66, in render
    return self.template.render(context)
  File "/home/vagrant/virtualenv/lib/python3.4/site-packages/django/template/base.py", line 208, in render
    return self._render(context)
  File "/home/vagrant/virtualenv/lib/python3.4/site-packages/django/template/base.py", line 199, in _render
    return self.nodelist.render(context)
  File "/home/vagrant/virtualenv/lib/python3.4/site-packages/django/template/base.py", line 994, in render
    bit = node.render_annotated(context)
  File "/home/vagrant/virtualenv/lib/python3.4/site-packages/django/template/base.py", line 961, in render_annotated
    return self.render(context)
  File "/home/vagrant/virtualenv/lib/python3.4/site-packages/django/template/loader_tags.py", line 152, in render
    compiled_parent = self.get_parent(context)
  File "/home/vagrant/virtualenv/lib/python3.4/site-packages/django/template/loader_tags.py", line 149, in get_parent
    return self.find_template(parent, context)
  File "/home/vagrant/virtualenv/lib/python3.4/site-packages/django/template/loader_tags.py", line 129, in find_template
    template_name, skip=history,
  File "/home/vagrant/virtualenv/lib/python3.4/site-packages/django/template/engine.py", line 134, in find_template
    name, template_dirs=dirs, skip=skip,
  File "/home/vagrant/virtualenv/lib/python3.4/site-packages/django/template/loaders/base.py", line 44, in get_template
    contents, origin, origin.template_name, self.engine,
  File "/home/vagrant/virtualenv/lib/python3.4/site-packages/django/template/base.py", line 191, in __init__
    self.nodelist = self.compile_nodelist()
  File "/home/vagrant/virtualenv/lib/python3.4/site-packages/django/template/base.py", line 233, in compile_nodelist
    return parser.parse()
  File "/home/vagrant/virtualenv/lib/python3.4/site-packages/django/template/base.py", line 518, in parse
    raise self.error(token, e)
  File "/home/vagrant/virtualenv/lib/python3.4/site-packages/django/template/base.py", line 516, in parse
    compiled_result = compile_func(self, token)
  File "/home/vagrant/virtualenv/lib/python3.4/site-packages/django/template/loader_tags.py", line 242, in do_block
    nodelist = parser.parse(('endblock',))
  File "/home/vagrant/virtualenv/lib/python3.4/site-packages/django/template/base.py", line 512, in parse
    self.invalid_block_tag(token, command, parse_until)
  File "/home/vagrant/virtualenv/lib/python3.4/site-packages/django/template/base.py", line 568, in invalid_block_tag
    get_text_list(["'%s'" % p for p in parse_until], 'or'),
django.template.exceptions.TemplateSyntaxError: Invalid block tag on line 20: 'static', expected 'endblock'. Did you forget to register or load this tag?
[31/Jan/2017 19:57:42] ERROR [django.request:124] Internal Server Error: /
Traceback (most recent call last):
  File "/home/vagrant/virtualenv/lib/python3.4/site-packages/django/template/base.py", line 510, in parse
    compile_func = self.tags[command]
KeyError: 'static'

During handling of the above exception, another exception occurred:

Traceback (most recent call last):
  File "/home/vagrant/virtualenv/lib/python3.4/site-packages/django/core/handlers/exception.py", line 39, in inner
    response = get_response(request)
  File "/home/vagrant/virtualenv/lib/python3.4/site-packages/django/core/handlers/base.py", line 249, in _legacy_get_response
    response = self._get_response(request)
  File "/home/vagrant/virtualenv/lib/python3.4/site-packages/django/core/handlers/base.py", line 187, in _get_response
    response = self.process_exception_by_middleware(e, request)
  File "/home/vagrant/virtualenv/lib/python3.4/site-packages/django/core/handlers/base.py", line 185, in _get_response
    response = wrapped_callback(request, *callback_args, **callback_kwargs)
  File "/vagrant/heroku/views.py", line 15, in home
    return render(request, 'home.html')
  File "/home/vagrant/virtualenv/lib/python3.4/site-packages/django/shortcuts.py", line 30, in render
    content = loader.render_to_string(template_name, context, request, using=using)
  File "/home/vagrant/virtualenv/lib/python3.4/site-packages/django/template/loader.py", line 68, in render_to_string
    return template.render(context, request)
  File "/home/vagrant/virtualenv/lib/python3.4/site-packages/django/template/backends/django.py", line 66, in render
    return self.template.render(context)
  File "/home/vagrant/virtualenv/lib/python3.4/site-packages/django/template/base.py", line 208, in render
    return self._render(context)
  File "/home/vagrant/virtualenv/lib/python3.4/site-packages/django/template/base.py", line 199, in _render
    return self.nodelist.render(context)
  File "/home/vagrant/virtualenv/lib/python3.4/site-packages/django/template/base.py", line 994, in render
    bit = node.render_annotated(context)
  File "/home/vagrant/virtualenv/lib/python3.4/site-packages/django/template/base.py", line 961, in render_annotated
    return self.render(context)
  File "/home/vagrant/virtualenv/lib/python3.4/site-packages/django/template/loader_tags.py", line 152, in render
    compiled_parent = self.get_parent(context)
  File "/home/vagrant/virtualenv/lib/python3.4/site-packages/django/template/loader_tags.py", line 149, in get_parent
    return self.find_template(parent, context)
  File "/home/vagrant/virtualenv/lib/python3.4/site-packages/django/template/loader_tags.py", line 129, in find_template
    template_name, skip=history,
  File "/home/vagrant/virtualenv/lib/python3.4/site-packages/django/template/engine.py", line 134, in find_template
    name, template_dirs=dirs, skip=skip,
  File "/home/vagrant/virtualenv/lib/python3.4/site-packages/django/template/loaders/base.py", line 44, in get_template
    contents, origin, origin.template_name, self.engine,
  File "/home/vagrant/virtualenv/lib/python3.4/site-packages/django/template/base.py", line 191, in __init__
    self.nodelist = self.compile_nodelist()
  File "/home/vagrant/virtualenv/lib/python3.4/site-packages/django/template/base.py", line 233, in compile_nodelist
    return parser.parse()
  File "/home/vagrant/virtualenv/lib/python3.4/site-packages/django/template/base.py", line 518, in parse
    raise self.error(token, e)
  File "/home/vagrant/virtualenv/lib/python3.4/site-packages/django/template/base.py", line 516, in parse
    compiled_result = compile_func(self, token)
  File "/home/vagrant/virtualenv/lib/python3.4/site-packages/django/template/loader_tags.py", line 242, in do_block
    nodelist = parser.parse(('endblock',))
  File "/home/vagrant/virtualenv/lib/python3.4/site-packages/django/template/base.py", line 512, in parse
    self.invalid_block_tag(token, command, parse_until)
  File "/home/vagrant/virtualenv/lib/python3.4/site-packages/django/template/base.py", line 568, in invalid_block_tag
    get_text_list(["'%s'" % p for p in parse_until], 'or'),
django.template.exceptions.TemplateSyntaxError: Invalid block tag on line 20: 'static', expected 'endblock'. Did you forget to register or load this tag?
[31/Jan/2017 19:58:06] ERROR [django.request:124] Internal Server Error: /
Traceback (most recent call last):
  File "/home/vagrant/virtualenv/lib/python3.4/site-packages/django/template/base.py", line 510, in parse
    compile_func = self.tags[command]
KeyError: 'static'

During handling of the above exception, another exception occurred:

Traceback (most recent call last):
  File "/home/vagrant/virtualenv/lib/python3.4/site-packages/django/core/handlers/exception.py", line 39, in inner
    response = get_response(request)
  File "/home/vagrant/virtualenv/lib/python3.4/site-packages/django/core/handlers/base.py", line 249, in _legacy_get_response
    response = self._get_response(request)
  File "/home/vagrant/virtualenv/lib/python3.4/site-packages/django/core/handlers/base.py", line 187, in _get_response
    response = self.process_exception_by_middleware(e, request)
  File "/home/vagrant/virtualenv/lib/python3.4/site-packages/django/core/handlers/base.py", line 185, in _get_response
    response = wrapped_callback(request, *callback_args, **callback_kwargs)
  File "/vagrant/heroku/views.py", line 15, in home
    return render(request, 'home.html')
  File "/home/vagrant/virtualenv/lib/python3.4/site-packages/django/shortcuts.py", line 30, in render
    content = loader.render_to_string(template_name, context, request, using=using)
  File "/home/vagrant/virtualenv/lib/python3.4/site-packages/django/template/loader.py", line 68, in render_to_string
    return template.render(context, request)
  File "/home/vagrant/virtualenv/lib/python3.4/site-packages/django/template/backends/django.py", line 66, in render
    return self.template.render(context)
  File "/home/vagrant/virtualenv/lib/python3.4/site-packages/django/template/base.py", line 208, in render
    return self._render(context)
  File "/home/vagrant/virtualenv/lib/python3.4/site-packages/django/template/base.py", line 199, in _render
    return self.nodelist.render(context)
  File "/home/vagrant/virtualenv/lib/python3.4/site-packages/django/template/base.py", line 994, in render
    bit = node.render_annotated(context)
  File "/home/vagrant/virtualenv/lib/python3.4/site-packages/django/template/base.py", line 961, in render_annotated
    return self.render(context)
  File "/home/vagrant/virtualenv/lib/python3.4/site-packages/django/template/loader_tags.py", line 152, in render
    compiled_parent = self.get_parent(context)
  File "/home/vagrant/virtualenv/lib/python3.4/site-packages/django/template/loader_tags.py", line 149, in get_parent
    return self.find_template(parent, context)
  File "/home/vagrant/virtualenv/lib/python3.4/site-packages/django/template/loader_tags.py", line 129, in find_template
    template_name, skip=history,
  File "/home/vagrant/virtualenv/lib/python3.4/site-packages/django/template/engine.py", line 134, in find_template
    name, template_dirs=dirs, skip=skip,
  File "/home/vagrant/virtualenv/lib/python3.4/site-packages/django/template/loaders/base.py", line 44, in get_template
    contents, origin, origin.template_name, self.engine,
  File "/home/vagrant/virtualenv/lib/python3.4/site-packages/django/template/base.py", line 191, in __init__
    self.nodelist = self.compile_nodelist()
  File "/home/vagrant/virtualenv/lib/python3.4/site-packages/django/template/base.py", line 233, in compile_nodelist
    return parser.parse()
  File "/home/vagrant/virtualenv/lib/python3.4/site-packages/django/template/base.py", line 518, in parse
    raise self.error(token, e)
  File "/home/vagrant/virtualenv/lib/python3.4/site-packages/django/template/base.py", line 516, in parse
    compiled_result = compile_func(self, token)
  File "/home/vagrant/virtualenv/lib/python3.4/site-packages/django/template/loader_tags.py", line 242, in do_block
    nodelist = parser.parse(('endblock',))
  File "/home/vagrant/virtualenv/lib/python3.4/site-packages/django/template/base.py", line 512, in parse
    self.invalid_block_tag(token, command, parse_until)
  File "/home/vagrant/virtualenv/lib/python3.4/site-packages/django/template/base.py", line 568, in invalid_block_tag
    get_text_list(["'%s'" % p for p in parse_until], 'or'),
django.template.exceptions.TemplateSyntaxError: Invalid block tag on line 20: 'static', expected 'endblock'. Did you forget to register or load this tag?
[31/Jan/2017 19:59:23] ERROR [django.request:124] Internal Server Error: /
Traceback (most recent call last):
  File "/home/vagrant/virtualenv/lib/python3.4/site-packages/django/template/base.py", line 510, in parse
    compile_func = self.tags[command]
KeyError: 'static'

During handling of the above exception, another exception occurred:

Traceback (most recent call last):
  File "/home/vagrant/virtualenv/lib/python3.4/site-packages/django/core/handlers/exception.py", line 39, in inner
    response = get_response(request)
  File "/home/vagrant/virtualenv/lib/python3.4/site-packages/django/core/handlers/base.py", line 249, in _legacy_get_response
    response = self._get_response(request)
  File "/home/vagrant/virtualenv/lib/python3.4/site-packages/django/core/handlers/base.py", line 187, in _get_response
    response = self.process_exception_by_middleware(e, request)
  File "/home/vagrant/virtualenv/lib/python3.4/site-packages/django/core/handlers/base.py", line 185, in _get_response
    response = wrapped_callback(request, *callback_args, **callback_kwargs)
  File "/vagrant/heroku/views.py", line 15, in home
    return render(request, 'home.html')
  File "/home/vagrant/virtualenv/lib/python3.4/site-packages/django/shortcuts.py", line 30, in render
    content = loader.render_to_string(template_name, context, request, using=using)
  File "/home/vagrant/virtualenv/lib/python3.4/site-packages/django/template/loader.py", line 68, in render_to_string
    return template.render(context, request)
  File "/home/vagrant/virtualenv/lib/python3.4/site-packages/django/template/backends/django.py", line 66, in render
    return self.template.render(context)
  File "/home/vagrant/virtualenv/lib/python3.4/site-packages/django/template/base.py", line 208, in render
    return self._render(context)
  File "/home/vagrant/virtualenv/lib/python3.4/site-packages/django/template/base.py", line 199, in _render
    return self.nodelist.render(context)
  File "/home/vagrant/virtualenv/lib/python3.4/site-packages/django/template/base.py", line 994, in render
    bit = node.render_annotated(context)
  File "/home/vagrant/virtualenv/lib/python3.4/site-packages/django/template/base.py", line 961, in render_annotated
    return self.render(context)
  File "/home/vagrant/virtualenv/lib/python3.4/site-packages/django/template/loader_tags.py", line 152, in render
    compiled_parent = self.get_parent(context)
  File "/home/vagrant/virtualenv/lib/python3.4/site-packages/django/template/loader_tags.py", line 149, in get_parent
    return self.find_template(parent, context)
  File "/home/vagrant/virtualenv/lib/python3.4/site-packages/django/template/loader_tags.py", line 129, in find_template
    template_name, skip=history,
  File "/home/vagrant/virtualenv/lib/python3.4/site-packages/django/template/engine.py", line 134, in find_template
    name, template_dirs=dirs, skip=skip,
  File "/home/vagrant/virtualenv/lib/python3.4/site-packages/django/template/loaders/base.py", line 44, in get_template
    contents, origin, origin.template_name, self.engine,
  File "/home/vagrant/virtualenv/lib/python3.4/site-packages/django/template/base.py", line 191, in __init__
    self.nodelist = self.compile_nodelist()
  File "/home/vagrant/virtualenv/lib/python3.4/site-packages/django/template/base.py", line 233, in compile_nodelist
    return parser.parse()
  File "/home/vagrant/virtualenv/lib/python3.4/site-packages/django/template/base.py", line 518, in parse
    raise self.error(token, e)
  File "/home/vagrant/virtualenv/lib/python3.4/site-packages/django/template/base.py", line 516, in parse
    compiled_result = compile_func(self, token)
  File "/home/vagrant/virtualenv/lib/python3.4/site-packages/django/template/loader_tags.py", line 242, in do_block
    nodelist = parser.parse(('endblock',))
  File "/home/vagrant/virtualenv/lib/python3.4/site-packages/django/template/base.py", line 512, in parse
    self.invalid_block_tag(token, command, parse_until)
  File "/home/vagrant/virtualenv/lib/python3.4/site-packages/django/template/base.py", line 568, in invalid_block_tag
    get_text_list(["'%s'" % p for p in parse_until], 'or'),
django.template.exceptions.TemplateSyntaxError: Invalid block tag on line 11: 'static', expected 'endblock'. Did you forget to register or load this tag?
[31/Jan/2017 19:59:25] ERROR [django.request:124] Internal Server Error: /
Traceback (most recent call last):
  File "/home/vagrant/virtualenv/lib/python3.4/site-packages/django/template/base.py", line 510, in parse
    compile_func = self.tags[command]
KeyError: 'static'

During handling of the above exception, another exception occurred:

Traceback (most recent call last):
  File "/home/vagrant/virtualenv/lib/python3.4/site-packages/django/core/handlers/exception.py", line 39, in inner
    response = get_response(request)
  File "/home/vagrant/virtualenv/lib/python3.4/site-packages/django/core/handlers/base.py", line 249, in _legacy_get_response
    response = self._get_response(request)
  File "/home/vagrant/virtualenv/lib/python3.4/site-packages/django/core/handlers/base.py", line 187, in _get_response
    response = self.process_exception_by_middleware(e, request)
  File "/home/vagrant/virtualenv/lib/python3.4/site-packages/django/core/handlers/base.py", line 185, in _get_response
    response = wrapped_callback(request, *callback_args, **callback_kwargs)
  File "/vagrant/heroku/views.py", line 15, in home
    return render(request, 'home.html')
  File "/home/vagrant/virtualenv/lib/python3.4/site-packages/django/shortcuts.py", line 30, in render
    content = loader.render_to_string(template_name, context, request, using=using)
  File "/home/vagrant/virtualenv/lib/python3.4/site-packages/django/template/loader.py", line 68, in render_to_string
    return template.render(context, request)
  File "/home/vagrant/virtualenv/lib/python3.4/site-packages/django/template/backends/django.py", line 66, in render
    return self.template.render(context)
  File "/home/vagrant/virtualenv/lib/python3.4/site-packages/django/template/base.py", line 208, in render
    return self._render(context)
  File "/home/vagrant/virtualenv/lib/python3.4/site-packages/django/template/base.py", line 199, in _render
    return self.nodelist.render(context)
  File "/home/vagrant/virtualenv/lib/python3.4/site-packages/django/template/base.py", line 994, in render
    bit = node.render_annotated(context)
  File "/home/vagrant/virtualenv/lib/python3.4/site-packages/django/template/base.py", line 961, in render_annotated
    return self.render(context)
  File "/home/vagrant/virtualenv/lib/python3.4/site-packages/django/template/loader_tags.py", line 152, in render
    compiled_parent = self.get_parent(context)
  File "/home/vagrant/virtualenv/lib/python3.4/site-packages/django/template/loader_tags.py", line 149, in get_parent
    return self.find_template(parent, context)
  File "/home/vagrant/virtualenv/lib/python3.4/site-packages/django/template/loader_tags.py", line 129, in find_template
    template_name, skip=history,
  File "/home/vagrant/virtualenv/lib/python3.4/site-packages/django/template/engine.py", line 134, in find_template
    name, template_dirs=dirs, skip=skip,
  File "/home/vagrant/virtualenv/lib/python3.4/site-packages/django/template/loaders/base.py", line 44, in get_template
    contents, origin, origin.template_name, self.engine,
  File "/home/vagrant/virtualenv/lib/python3.4/site-packages/django/template/base.py", line 191, in __init__
    self.nodelist = self.compile_nodelist()
  File "/home/vagrant/virtualenv/lib/python3.4/site-packages/django/template/base.py", line 233, in compile_nodelist
    return parser.parse()
  File "/home/vagrant/virtualenv/lib/python3.4/site-packages/django/template/base.py", line 518, in parse
    raise self.error(token, e)
  File "/home/vagrant/virtualenv/lib/python3.4/site-packages/django/template/base.py", line 516, in parse
    compiled_result = compile_func(self, token)
  File "/home/vagrant/virtualenv/lib/python3.4/site-packages/django/template/loader_tags.py", line 242, in do_block
    nodelist = parser.parse(('endblock',))
  File "/home/vagrant/virtualenv/lib/python3.4/site-packages/django/template/base.py", line 512, in parse
    self.invalid_block_tag(token, command, parse_until)
  File "/home/vagrant/virtualenv/lib/python3.4/site-packages/django/template/base.py", line 568, in invalid_block_tag
    get_text_list(["'%s'" % p for p in parse_until], 'or'),
django.template.exceptions.TemplateSyntaxError: Invalid block tag on line 11: 'static', expected 'endblock'. Did you forget to register or load this tag?
[31/Jan/2017 19:59:39] ERROR [django.request:124] Internal Server Error: /
Traceback (most recent call last):
  File "/home/vagrant/virtualenv/lib/python3.4/site-packages/django/template/base.py", line 510, in parse
    compile_func = self.tags[command]
KeyError: 'static'

During handling of the above exception, another exception occurred:

Traceback (most recent call last):
  File "/home/vagrant/virtualenv/lib/python3.4/site-packages/django/core/handlers/exception.py", line 39, in inner
    response = get_response(request)
  File "/home/vagrant/virtualenv/lib/python3.4/site-packages/django/core/handlers/base.py", line 249, in _legacy_get_response
    response = self._get_response(request)
  File "/home/vagrant/virtualenv/lib/python3.4/site-packages/django/core/handlers/base.py", line 187, in _get_response
    response = self.process_exception_by_middleware(e, request)
  File "/home/vagrant/virtualenv/lib/python3.4/site-packages/django/core/handlers/base.py", line 185, in _get_response
    response = wrapped_callback(request, *callback_args, **callback_kwargs)
  File "/vagrant/heroku/views.py", line 15, in home
    return render(request, 'home.html')
  File "/home/vagrant/virtualenv/lib/python3.4/site-packages/django/shortcuts.py", line 30, in render
    content = loader.render_to_string(template_name, context, request, using=using)
  File "/home/vagrant/virtualenv/lib/python3.4/site-packages/django/template/loader.py", line 68, in render_to_string
    return template.render(context, request)
  File "/home/vagrant/virtualenv/lib/python3.4/site-packages/django/template/backends/django.py", line 66, in render
    return self.template.render(context)
  File "/home/vagrant/virtualenv/lib/python3.4/site-packages/django/template/base.py", line 208, in render
    return self._render(context)
  File "/home/vagrant/virtualenv/lib/python3.4/site-packages/django/template/base.py", line 199, in _render
    return self.nodelist.render(context)
  File "/home/vagrant/virtualenv/lib/python3.4/site-packages/django/template/base.py", line 994, in render
    bit = node.render_annotated(context)
  File "/home/vagrant/virtualenv/lib/python3.4/site-packages/django/template/base.py", line 961, in render_annotated
    return self.render(context)
  File "/home/vagrant/virtualenv/lib/python3.4/site-packages/django/template/loader_tags.py", line 152, in render
    compiled_parent = self.get_parent(context)
  File "/home/vagrant/virtualenv/lib/python3.4/site-packages/django/template/loader_tags.py", line 149, in get_parent
    return self.find_template(parent, context)
  File "/home/vagrant/virtualenv/lib/python3.4/site-packages/django/template/loader_tags.py", line 129, in find_template
    template_name, skip=history,
  File "/home/vagrant/virtualenv/lib/python3.4/site-packages/django/template/engine.py", line 134, in find_template
    name, template_dirs=dirs, skip=skip,
  File "/home/vagrant/virtualenv/lib/python3.4/site-packages/django/template/loaders/base.py", line 44, in get_template
    contents, origin, origin.template_name, self.engine,
  File "/home/vagrant/virtualenv/lib/python3.4/site-packages/django/template/base.py", line 191, in __init__
    self.nodelist = self.compile_nodelist()
  File "/home/vagrant/virtualenv/lib/python3.4/site-packages/django/template/base.py", line 233, in compile_nodelist
    return parser.parse()
  File "/home/vagrant/virtualenv/lib/python3.4/site-packages/django/template/base.py", line 518, in parse
    raise self.error(token, e)
  File "/home/vagrant/virtualenv/lib/python3.4/site-packages/django/template/base.py", line 516, in parse
    compiled_result = compile_func(self, token)
  File "/home/vagrant/virtualenv/lib/python3.4/site-packages/django/template/loader_tags.py", line 242, in do_block
    nodelist = parser.parse(('endblock',))
  File "/home/vagrant/virtualenv/lib/python3.4/site-packages/django/template/base.py", line 512, in parse
    self.invalid_block_tag(token, command, parse_until)
  File "/home/vagrant/virtualenv/lib/python3.4/site-packages/django/template/base.py", line 568, in invalid_block_tag
    get_text_list(["'%s'" % p for p in parse_until], 'or'),
django.template.exceptions.TemplateSyntaxError: Invalid block tag on line 11: 'static', expected 'endblock'. Did you forget to register or load this tag?
[31/Jan/2017 20:00:55] ERROR [django.request:124] Internal Server Error: /
Traceback (most recent call last):
  File "/home/vagrant/virtualenv/lib/python3.4/site-packages/django/core/handlers/exception.py", line 39, in inner
    response = get_response(request)
  File "/home/vagrant/virtualenv/lib/python3.4/site-packages/django/core/handlers/base.py", line 249, in _legacy_get_response
    response = self._get_response(request)
  File "/home/vagrant/virtualenv/lib/python3.4/site-packages/django/core/handlers/base.py", line 187, in _get_response
    response = self.process_exception_by_middleware(e, request)
  File "/home/vagrant/virtualenv/lib/python3.4/site-packages/django/core/handlers/base.py", line 185, in _get_response
    response = wrapped_callback(request, *callback_args, **callback_kwargs)
  File "/vagrant/heroku/views.py", line 15, in home
    return render(request, 'home.html')
  File "/home/vagrant/virtualenv/lib/python3.4/site-packages/django/shortcuts.py", line 30, in render
    content = loader.render_to_string(template_name, context, request, using=using)
  File "/home/vagrant/virtualenv/lib/python3.4/site-packages/django/template/loader.py", line 68, in render_to_string
    return template.render(context, request)
  File "/home/vagrant/virtualenv/lib/python3.4/site-packages/django/template/backends/django.py", line 66, in render
    return self.template.render(context)
  File "/home/vagrant/virtualenv/lib/python3.4/site-packages/django/template/base.py", line 208, in render
    return self._render(context)
  File "/home/vagrant/virtualenv/lib/python3.4/site-packages/django/template/base.py", line 199, in _render
    return self.nodelist.render(context)
  File "/home/vagrant/virtualenv/lib/python3.4/site-packages/django/template/base.py", line 994, in render
    bit = node.render_annotated(context)
  File "/home/vagrant/virtualenv/lib/python3.4/site-packages/django/template/base.py", line 961, in render_annotated
    return self.render(context)
  File "/home/vagrant/virtualenv/lib/python3.4/site-packages/django/template/loader_tags.py", line 174, in render
    return compiled_parent._render(context)
  File "/home/vagrant/virtualenv/lib/python3.4/site-packages/django/template/base.py", line 199, in _render
    return self.nodelist.render(context)
  File "/home/vagrant/virtualenv/lib/python3.4/site-packages/django/template/base.py", line 994, in render
    bit = node.render_annotated(context)
  File "/home/vagrant/virtualenv/lib/python3.4/site-packages/django/template/base.py", line 961, in render_annotated
    return self.render(context)
  File "/home/vagrant/virtualenv/lib/python3.4/site-packages/django/template/loader_tags.py", line 70, in render
    result = block.nodelist.render(context)
  File "/home/vagrant/virtualenv/lib/python3.4/site-packages/django/template/base.py", line 994, in render
    bit = node.render_annotated(context)
  File "/home/vagrant/virtualenv/lib/python3.4/site-packages/django/template/base.py", line 961, in render_annotated
    return self.render(context)
  File "/home/vagrant/virtualenv/lib/python3.4/site-packages/django/templatetags/static.py", line 104, in render
    url = self.url(context)
  File "/home/vagrant/virtualenv/lib/python3.4/site-packages/django/templatetags/static.py", line 101, in url
    return self.handle_simple(path)
  File "/home/vagrant/virtualenv/lib/python3.4/site-packages/django/templatetags/static.py", line 114, in handle_simple
    return staticfiles_storage.url(path)
  File "/home/vagrant/virtualenv/lib/python3.4/site-packages/django/contrib/staticfiles/storage.py", line 132, in url
    hashed_name = self.stored_name(clean_name)
  File "/home/vagrant/virtualenv/lib/python3.4/site-packages/django/contrib/staticfiles/storage.py", line 292, in stored_name
    cache_name = self.clean_name(self.hashed_name(name))
  File "/home/vagrant/virtualenv/lib/python3.4/site-packages/django/contrib/staticfiles/storage.py", line 95, in hashed_name
    (clean_name, self))
ValueError: The file 'gameapp/img/favicon.ico' could not be found with <whitenoise.storage.CompressedManifestStaticFilesStorage object at 0x7fdb7769d588>.
